[2026-01-02 01:42:22,393: INFO: main: Welcome to cnnClassifier]
[2026-01-02 03:13:39,574: INFO: common: yaml file: config\config.yaml loaded successfully]
[2026-01-03 00:08:48,124: INFO: common: yaml file: config\config.yaml loaded successfully]
[2026-01-03 00:08:48,128: INFO: common: yaml file: params.yaml loaded successfully]
[2026-01-03 00:08:48,132: INFO: common: Created directory at: artifacts]
[2026-01-03 00:08:48,135: INFO: common: Created directory at: artifacts/data_ingestion]
[2026-01-03 00:08:48,146: INFO: 4222826004: Downloading data from https://drive.google.com/file/d/1z0mreUtRmR-P-magILsDR3T7M6IkGXtY/view?usp=sharing into file artifacts\data_ingestion\data.zip]
[2026-01-03 00:09:16,222: INFO: common: yaml file: config\config.yaml loaded successfully]
[2026-01-03 00:09:16,227: INFO: common: yaml file: params.yaml loaded successfully]
[2026-01-03 00:09:16,229: INFO: common: Created directory at: artifacts]
[2026-01-03 00:09:16,234: INFO: common: Created directory at: artifacts/data_ingestion]
[2026-01-03 00:09:16,238: INFO: 4222826004: Downloading data from https://drive.google.com/file/d/1z0mreUtRmR-P-magILsDR3T7M6IkGXtY/view?usp=sharing into file artifacts\data_ingestion\data.zip]
[2026-01-03 00:09:35,629: INFO: common: yaml file: config\config.yaml loaded successfully]
[2026-01-03 00:09:35,632: INFO: common: yaml file: params.yaml loaded successfully]
[2026-01-03 00:09:35,636: INFO: common: Created directory at: artifacts]
[2026-01-03 00:09:35,639: INFO: common: Created directory at: artifacts/data_ingestion]
[2026-01-03 00:09:35,643: INFO: 3897965752: Downloading data from https://drive.google.com/file/d/1z0mreUtRmR-P-magILsDR3T7M6IkGXtY/view?usp=sharing into file artifacts\data_ingestion\data.zip]
[2026-01-03 00:11:58,933: INFO: common: yaml file: config\config.yaml loaded successfully]
[2026-01-03 00:11:58,936: INFO: common: yaml file: params.yaml loaded successfully]
[2026-01-03 00:11:58,939: INFO: common: Created directory at: artifacts]
[2026-01-03 00:11:58,942: INFO: common: Created directory at: artifacts/data_ingestion]
[2026-01-03 00:11:58,944: INFO: 3897965752: Downloading data from https://drive.google.com/file/d/1z0mreUtRmR-P-magILsDR3T7M6IkGXtY/view?usp=sharing into file artifacts/data_ingestion/data.zip]
[2026-01-03 00:12:07,315: INFO: 3897965752: Downloaded data from https://drive.google.com/file/d/1z0mreUtRmR-P-magILsDR3T7M6IkGXtY/view?usp=sharing into file artifacts/data_ingestion/data.zip]
[2026-01-03 00:38:30,445: INFO: main: >>>>> stage Data Ingestion stage started <<<<<<<<]
[2026-01-03 00:38:30,450: INFO: common: yaml file: config\config.yaml loaded successfully]
[2026-01-03 00:38:30,453: INFO: common: yaml file: params.yaml loaded successfully]
[2026-01-03 00:38:30,455: INFO: common: Created directory at: artifacts]
[2026-01-03 00:38:30,457: INFO: common: Created directory at: artifacts/data_ingestion]
[2026-01-03 00:38:30,459: INFO: data_ingestion: Downloading data from https://drive.google.com/file/d/1z0mreUtRmR-P-magILsDR3T7M6IkGXtY/view?usp=sharing into file artifacts/data_ingestion/data.zip]
[2026-01-03 00:38:38,744: INFO: data_ingestion: Downloaded data from https://drive.google.com/file/d/1z0mreUtRmR-P-magILsDR3T7M6IkGXtY/view?usp=sharing into file artifacts/data_ingestion/data.zip]
[2026-01-03 00:38:40,549: INFO: main: >>>>> stage Data Ingestion stage completed <<<<<<< 

 X========X]
[2026-01-03 23:49:01,126: INFO: common: yaml file: config\config.yaml loaded successfully]
[2026-01-03 23:49:01,130: INFO: common: yaml file: params.yaml loaded successfully]
[2026-01-03 23:49:01,131: INFO: common: Created directory at: artifacts]
[2026-01-03 23:49:01,133: INFO: common: Created directory at: artifacts/prepare_base_model]
[2026-01-03 23:51:05,538: INFO: common: yaml file: config\config.yaml loaded successfully]
[2026-01-03 23:51:05,540: INFO: common: yaml file: params.yaml loaded successfully]
[2026-01-03 23:51:05,542: INFO: common: Created directory at: artifacts]
[2026-01-03 23:51:05,544: INFO: common: Created directory at: artifacts/prepare_base_model]
[2026-01-03 23:51:45,298: INFO: common: yaml file: config\config.yaml loaded successfully]
[2026-01-03 23:51:45,303: INFO: common: yaml file: params.yaml loaded successfully]
[2026-01-03 23:51:45,305: INFO: common: Created directory at: artifacts]
[2026-01-03 23:51:45,307: INFO: common: Created directory at: artifacts/prepare_base_model]
[2026-01-03 23:53:31,874: INFO: common: yaml file: config\config.yaml loaded successfully]
[2026-01-03 23:53:31,879: INFO: common: yaml file: params.yaml loaded successfully]
[2026-01-03 23:53:31,882: INFO: common: Created directory at: artifacts]
[2026-01-03 23:53:31,885: INFO: common: Created directory at: artifacts/prepare_base_model]
[2026-01-03 23:53:46,699: WARNING: saving_api: You are saving your model as an HDF5 file via `model.save()` or `keras.saving.save_model(model)`. This file format is considered legacy. We recommend using instead the native Keras format, e.g. `model.save('my_model.keras')` or `keras.saving.save_model(model, 'my_model.keras')`. ]
[2026-01-03 23:54:55,104: INFO: common: yaml file: config\config.yaml loaded successfully]
[2026-01-03 23:54:55,109: INFO: common: yaml file: params.yaml loaded successfully]
[2026-01-03 23:54:55,111: INFO: common: Created directory at: artifacts]
[2026-01-03 23:54:55,113: INFO: common: Created directory at: artifacts/prepare_base_model]
[2026-01-03 23:54:55,541: WARNING: saving_api: You are saving your model as an HDF5 file via `model.save()` or `keras.saving.save_model(model)`. This file format is considered legacy. We recommend using instead the native Keras format, e.g. `model.save('my_model.keras')` or `keras.saving.save_model(model, 'my_model.keras')`. ]
[2026-01-03 23:54:55,758: WARNING: saving_api: You are saving your model as an HDF5 file via `model.save()` or `keras.saving.save_model(model)`. This file format is considered legacy. We recommend using instead the native Keras format, e.g. `model.save('my_model.keras')` or `keras.saving.save_model(model, 'my_model.keras')`. ]
[2026-01-04 00:14:09,977: INFO: main: >>>>> stage Data Ingestion stage started <<<<<<<<]
[2026-01-04 00:14:09,980: INFO: common: yaml file: config\config.yaml loaded successfully]
[2026-01-04 00:14:09,981: INFO: common: yaml file: params.yaml loaded successfully]
[2026-01-04 00:14:09,982: INFO: common: Created directory at: artifacts]
[2026-01-04 00:14:09,982: INFO: common: Created directory at: artifacts/data_ingestion]
[2026-01-04 00:14:09,983: INFO: data_ingestion: Downloading data from https://drive.google.com/file/d/1z0mreUtRmR-P-magILsDR3T7M6IkGXtY/view?usp=sharing into file artifacts/data_ingestion/data.zip]
[2026-01-04 00:14:26,240: INFO: data_ingestion: Downloaded data from https://drive.google.com/file/d/1z0mreUtRmR-P-magILsDR3T7M6IkGXtY/view?usp=sharing into file artifacts/data_ingestion/data.zip]
[2026-01-04 00:14:27,005: INFO: main: >>>>> stage Data Ingestion stage completed <<<<<<< 

 X========X]
[2026-01-04 00:18:09,388: INFO: main: >>>>> stage Data Ingestion stage started <<<<<<<<]
[2026-01-04 00:18:09,389: INFO: common: yaml file: config\config.yaml loaded successfully]
[2026-01-04 00:18:09,391: INFO: common: yaml file: params.yaml loaded successfully]
[2026-01-04 00:18:09,391: INFO: common: Created directory at: artifacts]
[2026-01-04 00:18:09,392: INFO: common: Created directory at: artifacts/data_ingestion]
[2026-01-04 00:18:09,393: INFO: data_ingestion: Downloading data from https://drive.google.com/file/d/1z0mreUtRmR-P-magILsDR3T7M6IkGXtY/view?usp=sharing into file artifacts/data_ingestion/data.zip]
[2026-01-04 00:18:27,186: INFO: data_ingestion: Downloaded data from https://drive.google.com/file/d/1z0mreUtRmR-P-magILsDR3T7M6IkGXtY/view?usp=sharing into file artifacts/data_ingestion/data.zip]
[2026-01-04 00:18:27,865: INFO: main: >>>>> stage Data Ingestion stage completed <<<<<<< 

 X========X]
[2026-01-04 00:18:27,865: INFO: main: *********************]
[2026-01-04 00:18:27,866: INFO: main: >>>>>>> stage Prepare base model  started <<<<<<<<<<]
[2026-01-04 00:18:27,867: INFO: common: yaml file: config\config.yaml loaded successfully]
[2026-01-04 00:18:27,868: INFO: common: yaml file: params.yaml loaded successfully]
[2026-01-04 00:18:27,869: INFO: common: Created directory at: artifacts]
[2026-01-04 00:18:27,869: INFO: common: Created directory at: artifacts/prepare_base_model]
[2026-01-04 00:18:28,265: WARNING: saving_api: You are saving your model as an HDF5 file via `model.save()` or `keras.saving.save_model(model)`. This file format is considered legacy. We recommend using instead the native Keras format, e.g. `model.save('my_model.keras')` or `keras.saving.save_model(model, 'my_model.keras')`. ]
[2026-01-04 00:18:28,483: WARNING: saving_api: You are saving your model as an HDF5 file via `model.save()` or `keras.saving.save_model(model)`. This file format is considered legacy. We recommend using instead the native Keras format, e.g. `model.save('my_model.keras')` or `keras.saving.save_model(model, 'my_model.keras')`. ]
[2026-01-04 00:18:28,645: INFO: main: >>>>>>>> stage Prepare base model completed <<<<<<<<< 

 ]
[2026-01-04 01:04:37,085: INFO: common: yaml file: config\config.yaml loaded successfully]
[2026-01-04 01:04:37,088: INFO: common: yaml file: params.yaml loaded successfully]
[2026-01-04 01:04:37,090: INFO: common: Created directory at: artifacts]
[2026-01-04 01:04:37,094: INFO: common: Created directory at: artifacts\training]
[2026-01-04 01:05:04,148: INFO: common: yaml file: config\config.yaml loaded successfully]
[2026-01-04 01:05:04,151: INFO: common: yaml file: params.yaml loaded successfully]
[2026-01-04 01:05:04,153: INFO: common: Created directory at: artifacts]
[2026-01-04 01:05:04,153: INFO: common: Created directory at: artifacts\training]
[2026-01-04 01:05:40,185: INFO: common: yaml file: config\config.yaml loaded successfully]
[2026-01-04 01:05:40,189: INFO: common: yaml file: params.yaml loaded successfully]
[2026-01-04 01:05:40,191: INFO: common: Created directory at: artifacts]
[2026-01-04 01:05:40,192: INFO: common: Created directory at: artifacts\training]
[2026-01-04 01:05:57,596: INFO: common: yaml file: config\config.yaml loaded successfully]
[2026-01-04 01:05:57,598: INFO: common: yaml file: params.yaml loaded successfully]
[2026-01-04 01:05:57,600: INFO: common: Created directory at: artifacts]
[2026-01-04 01:05:57,602: INFO: common: Created directory at: artifacts\training]
[2026-01-04 01:05:57,945: WARNING: saving_utils: Compiled the loaded model, but the compiled metrics have yet to be built. `model.compile_metrics` will be empty until you train or evaluate the model.]
[2026-01-04 01:06:29,418: INFO: common: yaml file: config\config.yaml loaded successfully]
[2026-01-04 01:06:29,420: INFO: common: yaml file: params.yaml loaded successfully]
[2026-01-04 01:06:29,423: INFO: common: Created directory at: artifacts]
[2026-01-04 01:06:29,424: INFO: common: Created directory at: artifacts\training]
[2026-01-04 01:06:29,746: WARNING: saving_utils: Compiled the loaded model, but the compiled metrics have yet to be built. `model.compile_metrics` will be empty until you train or evaluate the model.]
[2026-01-04 01:08:54,668: INFO: common: yaml file: config\config.yaml loaded successfully]
[2026-01-04 01:08:54,671: INFO: common: yaml file: params.yaml loaded successfully]
[2026-01-04 01:08:54,673: INFO: common: Created directory at: artifacts]
[2026-01-04 01:08:54,675: INFO: common: Created directory at: artifacts\training]
[2026-01-04 01:08:55,042: WARNING: saving_utils: Compiled the loaded model, but the compiled metrics have yet to be built. `model.compile_metrics` will be empty until you train or evaluate the model.]
[2026-01-04 01:11:34,008: INFO: common: yaml file: config\config.yaml loaded successfully]
[2026-01-04 01:11:34,011: INFO: common: yaml file: params.yaml loaded successfully]
[2026-01-04 01:11:34,012: INFO: common: Created directory at: artifacts]
[2026-01-04 01:11:34,014: INFO: common: Created directory at: artifacts\training]
[2026-01-04 01:11:34,281: WARNING: saving_utils: Compiled the loaded model, but the compiled metrics have yet to be built. `model.compile_metrics` will be empty until you train or evaluate the model.]
[2026-01-04 01:14:36,711: INFO: common: yaml file: config\config.yaml loaded successfully]
[2026-01-04 01:14:36,714: INFO: common: yaml file: params.yaml loaded successfully]
[2026-01-04 01:14:36,715: INFO: common: Created directory at: artifacts]
[2026-01-04 01:14:36,717: INFO: common: Created directory at: artifacts\training]
[2026-01-04 01:33:45,936: INFO: main: >>>>> stage Data Ingestion stage started <<<<<<<<]
[2026-01-04 01:33:45,938: INFO: common: yaml file: config\config.yaml loaded successfully]
[2026-01-04 01:33:45,939: INFO: common: yaml file: params.yaml loaded successfully]
[2026-01-04 01:33:45,939: INFO: common: Created directory at: artifacts]
[2026-01-04 01:33:45,941: INFO: common: Created directory at: artifacts/data_ingestion]
[2026-01-04 01:33:45,941: INFO: data_ingestion: Downloading data from https://drive.google.com/file/d/1z0mreUtRmR-P-magILsDR3T7M6IkGXtY/view?usp=sharing into file artifacts/data_ingestion/data.zip]
[2026-01-04 01:34:01,457: INFO: data_ingestion: Downloaded data from https://drive.google.com/file/d/1z0mreUtRmR-P-magILsDR3T7M6IkGXtY/view?usp=sharing into file artifacts/data_ingestion/data.zip]
[2026-01-04 01:34:02,056: INFO: main: >>>>> stage Data Ingestion stage completed <<<<<<< 

 X========X]
[2026-01-04 01:34:02,056: INFO: main: *********************]
[2026-01-04 01:34:02,056: INFO: main: >>>>>>> stage Prepare base model  started <<<<<<<<<<]
[2026-01-04 01:34:02,058: INFO: common: yaml file: config\config.yaml loaded successfully]
[2026-01-04 01:34:02,058: INFO: common: yaml file: params.yaml loaded successfully]
[2026-01-04 01:34:02,060: INFO: common: Created directory at: artifacts]
[2026-01-04 01:34:02,060: INFO: common: Created directory at: artifacts/prepare_base_model]
[2026-01-04 01:34:02,441: WARNING: saving_api: You are saving your model as an HDF5 file via `model.save()` or `keras.saving.save_model(model)`. This file format is considered legacy. We recommend using instead the native Keras format, e.g. `model.save('my_model.keras')` or `keras.saving.save_model(model, 'my_model.keras')`. ]
[2026-01-04 01:34:02,610: WARNING: saving_api: You are saving your model as an HDF5 file via `model.save()` or `keras.saving.save_model(model)`. This file format is considered legacy. We recommend using instead the native Keras format, e.g. `model.save('my_model.keras')` or `keras.saving.save_model(model, 'my_model.keras')`. ]
[2026-01-04 01:34:02,728: INFO: main: >>>>>>>> stage Prepare base model completed <<<<<<<<< 

 ]
[2026-01-04 01:37:56,925: INFO: common: yaml file: config\config.yaml loaded successfully]
[2026-01-04 01:37:56,928: INFO: common: yaml file: params.yaml loaded successfully]
[2026-01-04 01:37:56,929: INFO: common: Created directory at: artifacts]
[2026-01-04 01:37:56,931: INFO: common: Created directory at: artifacts\training]
[2026-01-04 01:38:33,598: INFO: common: yaml file: config\config.yaml loaded successfully]
[2026-01-04 01:38:33,602: INFO: common: yaml file: params.yaml loaded successfully]
[2026-01-04 01:38:33,603: INFO: common: Created directory at: artifacts]
[2026-01-04 01:38:33,605: INFO: common: Created directory at: artifacts\training]
[2026-01-04 01:38:33,832: WARNING: legacy_h5_format: No training configuration found in the save file, so the model was *not* compiled. Compile it manually.]
[2026-01-04 01:39:26,873: INFO: common: yaml file: config\config.yaml loaded successfully]
[2026-01-04 01:39:26,876: INFO: common: yaml file: params.yaml loaded successfully]
[2026-01-04 01:39:26,878: INFO: common: Created directory at: artifacts]
[2026-01-04 01:39:26,880: INFO: common: Created directory at: artifacts\training]
[2026-01-04 01:39:39,039: INFO: common: yaml file: config\config.yaml loaded successfully]
[2026-01-04 01:39:39,042: INFO: common: yaml file: params.yaml loaded successfully]
[2026-01-04 01:39:39,043: INFO: common: Created directory at: artifacts]
[2026-01-04 01:39:39,045: INFO: common: Created directory at: artifacts\training]
[2026-01-04 01:39:39,266: WARNING: legacy_h5_format: No training configuration found in the save file, so the model was *not* compiled. Compile it manually.]
[2026-01-04 20:22:07,332: INFO: common: yaml file: config\config.yaml loaded successfully]
[2026-01-04 20:22:07,335: INFO: common: yaml file: params.yaml loaded successfully]
[2026-01-04 20:22:07,337: INFO: common: Created directory at: artifacts]
[2026-01-04 20:22:07,338: INFO: common: Created directory at: artifacts\training]
[2026-01-04 20:22:19,626: INFO: common: yaml file: config\config.yaml loaded successfully]
[2026-01-04 20:22:19,629: INFO: common: yaml file: params.yaml loaded successfully]
[2026-01-04 20:22:19,631: INFO: common: Created directory at: artifacts]
[2026-01-04 20:22:19,634: INFO: common: Created directory at: artifacts\training]
[2026-01-04 20:22:20,103: WARNING: legacy_h5_format: No training configuration found in the save file, so the model was *not* compiled. Compile it manually.]
[2026-01-04 20:24:59,057: INFO: main: >>>>> stage Data Ingestion stage started <<<<<<<<]
[2026-01-04 20:24:59,058: INFO: common: yaml file: config\config.yaml loaded successfully]
[2026-01-04 20:24:59,060: INFO: common: yaml file: params.yaml loaded successfully]
[2026-01-04 20:24:59,060: INFO: common: Created directory at: artifacts]
[2026-01-04 20:24:59,061: INFO: common: Created directory at: artifacts/data_ingestion]
[2026-01-04 20:24:59,073: INFO: data_ingestion: Downloading data from https://drive.google.com/file/d/1z0mreUtRmR-P-magILsDR3T7M6IkGXtY/view?usp=sharing into file artifacts/data_ingestion/data.zip]
[2026-01-04 20:25:12,966: INFO: data_ingestion: Downloaded data from https://drive.google.com/file/d/1z0mreUtRmR-P-magILsDR3T7M6IkGXtY/view?usp=sharing into file artifacts/data_ingestion/data.zip]
[2026-01-04 20:25:13,621: INFO: main: >>>>> stage Data Ingestion stage completed <<<<<<< 

 X========X]
[2026-01-04 20:25:13,621: INFO: main: *********************]
[2026-01-04 20:25:13,621: INFO: main: >>>>>>> stage Prepare base model  started <<<<<<<<<<]
[2026-01-04 20:25:13,623: INFO: common: yaml file: config\config.yaml loaded successfully]
[2026-01-04 20:25:13,624: INFO: common: yaml file: params.yaml loaded successfully]
[2026-01-04 20:25:13,625: INFO: common: Created directory at: artifacts]
[2026-01-04 20:25:13,626: INFO: common: Created directory at: artifacts/prepare_base_model]
[2026-01-04 20:25:14,056: WARNING: saving_api: You are saving your model as an HDF5 file via `model.save()` or `keras.saving.save_model(model)`. This file format is considered legacy. We recommend using instead the native Keras format, e.g. `model.save('my_model.keras')` or `keras.saving.save_model(model, 'my_model.keras')`. ]
[2026-01-04 20:25:14,279: WARNING: saving_api: You are saving your model as an HDF5 file via `model.save()` or `keras.saving.save_model(model)`. This file format is considered legacy. We recommend using instead the native Keras format, e.g. `model.save('my_model.keras')` or `keras.saving.save_model(model, 'my_model.keras')`. ]
[2026-01-04 20:25:14,478: INFO: main: >>>>>>>> stage Prepare base model completed <<<<<<<<< 

 ]
[2026-01-04 20:26:52,485: INFO: common: yaml file: config\config.yaml loaded successfully]
[2026-01-04 20:26:52,489: INFO: common: yaml file: params.yaml loaded successfully]
[2026-01-04 20:26:52,490: INFO: common: Created directory at: artifacts]
[2026-01-04 20:26:52,491: INFO: common: Created directory at: artifacts\training]
[2026-01-04 20:26:52,709: WARNING: saving_utils: Compiled the loaded model, but the compiled metrics have yet to be built. `model.compile_metrics` will be empty until you train or evaluate the model.]
[2026-01-04 20:33:33,405: INFO: common: yaml file: config\config.yaml loaded successfully]
[2026-01-04 20:33:33,408: INFO: common: yaml file: params.yaml loaded successfully]
[2026-01-04 20:33:33,409: INFO: common: Created directory at: artifacts]
[2026-01-04 20:33:33,411: INFO: common: Created directory at: artifacts\training]
[2026-01-04 20:34:27,696: WARNING: saving_api: You are saving your model as an HDF5 file via `model.save()` or `keras.saving.save_model(model)`. This file format is considered legacy. We recommend using instead the native Keras format, e.g. `model.save('my_model.keras')` or `keras.saving.save_model(model, 'my_model.keras')`. ]
[2026-01-04 23:21:09,388: INFO: main: >>>>> stage Data Ingestion stage started <<<<<<<<]
[2026-01-04 23:21:09,394: INFO: common: yaml file: config\config.yaml loaded successfully]
[2026-01-04 23:21:09,399: INFO: common: yaml file: params.yaml loaded successfully]
[2026-01-04 23:21:09,401: INFO: common: Created directory at: artifacts]
[2026-01-04 23:21:09,402: INFO: common: Created directory at: artifacts/data_ingestion]
[2026-01-04 23:21:09,404: INFO: data_ingestion: Downloading data from https://drive.google.com/file/d/1z0mreUtRmR-P-magILsDR3T7M6IkGXtY/view?usp=sharing into file artifacts/data_ingestion/data.zip]
[2026-01-04 23:21:36,839: INFO: data_ingestion: Downloaded data from https://drive.google.com/file/d/1z0mreUtRmR-P-magILsDR3T7M6IkGXtY/view?usp=sharing into file artifacts/data_ingestion/data.zip]
[2026-01-04 23:21:38,265: INFO: main: >>>>> stage Data Ingestion stage completed <<<<<<< 

 X========X]
[2026-01-04 23:21:38,265: INFO: main: *********************]
[2026-01-04 23:21:38,266: INFO: main: >>>>>>> stage Prepare base model  started <<<<<<<<<<]
[2026-01-04 23:21:38,271: INFO: common: yaml file: config\config.yaml loaded successfully]
[2026-01-04 23:21:38,275: INFO: common: yaml file: params.yaml loaded successfully]
[2026-01-04 23:21:38,276: INFO: common: Created directory at: artifacts]
[2026-01-04 23:21:38,277: INFO: common: Created directory at: artifacts/prepare_base_model]
[2026-01-04 23:21:39,091: WARNING: saving_api: You are saving your model as an HDF5 file via `model.save()` or `keras.saving.save_model(model)`. This file format is considered legacy. We recommend using instead the native Keras format, e.g. `model.save('my_model.keras')` or `keras.saving.save_model(model, 'my_model.keras')`. ]
[2026-01-04 23:21:39,395: WARNING: saving_api: You are saving your model as an HDF5 file via `model.save()` or `keras.saving.save_model(model)`. This file format is considered legacy. We recommend using instead the native Keras format, e.g. `model.save('my_model.keras')` or `keras.saving.save_model(model, 'my_model.keras')`. ]
[2026-01-04 23:21:39,627: INFO: main: >>>>>>>> stage Prepare base model completed <<<<<<<<< 

 ]
[2026-01-04 23:21:39,628: INFO: main: *******************]
[2026-01-04 23:21:39,628: INFO: main: >>>>>> stage Training started <<<<<<]
[2026-01-04 23:21:39,631: INFO: common: yaml file: config\config.yaml loaded successfully]
[2026-01-04 23:21:39,633: INFO: common: yaml file: params.yaml loaded successfully]
[2026-01-04 23:21:39,637: INFO: common: Created directory at: artifacts]
[2026-01-04 23:21:39,637: ERROR: main: name 'os' is not defined]
Traceback (most recent call last):
  File "C:\Users\ELITEBOOK\Documents\Projects\MLOps\chest_cancer_prediction\main.py", line 38, in <module>
    obj.main()
  File "c:\users\elitebook\documents\projects\mlops\chest_cancer_prediction\src\cnnClassifier\pipeline\stage_03_model_trainer.py", line 17, in main
    training_config = config.get_training_config()
                      ^^^^^^^^^^^^^^^^^^^^^^^^^^^^
  File "c:\users\elitebook\documents\projects\mlops\chest_cancer_prediction\src\cnnClassifier\config\configuration.py", line 55, in get_training_config
    training_data = os.path.join(self.config.data_ingestion.unzip_dir, "Chest-CT-Scan-data")
                    ^^
NameError: name 'os' is not defined
[2026-01-04 23:23:40,416: INFO: main: >>>>> stage Data Ingestion stage started <<<<<<<<]
[2026-01-04 23:23:40,421: INFO: common: yaml file: config\config.yaml loaded successfully]
[2026-01-04 23:23:40,426: INFO: common: yaml file: params.yaml loaded successfully]
[2026-01-04 23:23:40,428: INFO: common: Created directory at: artifacts]
[2026-01-04 23:23:40,429: INFO: common: Created directory at: artifacts/data_ingestion]
[2026-01-04 23:23:40,431: INFO: data_ingestion: Downloading data from https://drive.google.com/file/d/1z0mreUtRmR-P-magILsDR3T7M6IkGXtY/view?usp=sharing into file artifacts/data_ingestion/data.zip]
[2026-01-04 23:23:50,674: INFO: data_ingestion: Downloaded data from https://drive.google.com/file/d/1z0mreUtRmR-P-magILsDR3T7M6IkGXtY/view?usp=sharing into file artifacts/data_ingestion/data.zip]
[2026-01-04 23:23:51,991: INFO: main: >>>>> stage Data Ingestion stage completed <<<<<<< 

 X========X]
[2026-01-04 23:23:51,991: INFO: main: *********************]
[2026-01-04 23:23:51,992: INFO: main: >>>>>>> stage Prepare base model  started <<<<<<<<<<]
[2026-01-04 23:23:51,996: INFO: common: yaml file: config\config.yaml loaded successfully]
[2026-01-04 23:23:51,999: INFO: common: yaml file: params.yaml loaded successfully]
[2026-01-04 23:23:52,001: INFO: common: Created directory at: artifacts]
[2026-01-04 23:23:52,003: INFO: common: Created directory at: artifacts/prepare_base_model]
[2026-01-04 23:23:52,909: WARNING: saving_api: You are saving your model as an HDF5 file via `model.save()` or `keras.saving.save_model(model)`. This file format is considered legacy. We recommend using instead the native Keras format, e.g. `model.save('my_model.keras')` or `keras.saving.save_model(model, 'my_model.keras')`. ]
[2026-01-04 23:23:53,211: WARNING: saving_api: You are saving your model as an HDF5 file via `model.save()` or `keras.saving.save_model(model)`. This file format is considered legacy. We recommend using instead the native Keras format, e.g. `model.save('my_model.keras')` or `keras.saving.save_model(model, 'my_model.keras')`. ]
[2026-01-04 23:23:53,414: INFO: main: >>>>>>>> stage Prepare base model completed <<<<<<<<< 

 ]
[2026-01-04 23:23:53,414: INFO: main: *******************]
[2026-01-04 23:23:53,415: INFO: main: >>>>>> stage Training started <<<<<<]
[2026-01-04 23:23:53,419: INFO: common: yaml file: config\config.yaml loaded successfully]
[2026-01-04 23:23:53,422: INFO: common: yaml file: params.yaml loaded successfully]
[2026-01-04 23:23:53,424: INFO: common: Created directory at: artifacts]
[2026-01-04 23:23:53,425: INFO: common: Created directory at: artifacts\training]
[2026-01-04 23:25:02,853: WARNING: saving_api: You are saving your model as an HDF5 file via `model.save()` or `keras.saving.save_model(model)`. This file format is considered legacy. We recommend using instead the native Keras format, e.g. `model.save('my_model.keras')` or `keras.saving.save_model(model, 'my_model.keras')`. ]
[2026-01-04 23:25:03,044: INFO: main: >>>>>> stage Training completed <<<<<<

x==========x]
